Sat Jul 12 11:41:03 UTC 2025 - Starting Ticket 2: expand AGENTS.md
Sat Jul 12 11:41:05 UTC 2025 - Marked Ticket 2 as Started
Sat Jul 12 11:41:07 UTC 2025 - Expanded AGENTS.md with workflow details
Sat Jul 12 11:41:08 UTC 2025 - Ran pytest after updating docs
Sat Jul 12 11:46:31 UTC 2025 - Continuing work after last commit
Sat Jul 12 11:46:33 UTC 2025 - Marking Tickets 1 and 2 as Reviewed
Sat Jul 12 11:46:34 UTC 2025 - Starting Ticket 3: basic world generator prototype
Sat Jul 12 11:46:36 UTC 2025 - Ran pytest baseline tests before new feature
Sat Jul 12 11:47:34 UTC 2025 - Added world generation module and tests
Sat Jul 12 11:47:35 UTC 2025 - Installed requirements and ran pytest
Sat Jul 12 11:47:36 UTC 2025 - Marked coding and testing complete for Ticket 3
Sat Jul 12 11:48:31 UTC 2025 - Updated tests to preserve src directory
Sat Jul 12 11:48:32 UTC 2025 - All tests passing after worldgen addition

Sat Jul 12 11:55:35 UTC 2025 - Resumed work on Ticket 3
Sat Jul 12 11:55:36 UTC 2025 - Installed noise dependency and updated requirements
Sat Jul 12 11:55:38 UTC 2025 - Updated project setup script to ensure noise installed
Sat Jul 12 11:55:39 UTC 2025 - Added world generation documentation
Sat Jul 12 11:55:40 UTC 2025 - Marked Ticket 3 as reviewed and documented
Sat Jul 12 11:55:41 UTC 2025 - Ran pytest after updates
Sat Jul 12 12:26:14 UTC 2025 - Starting Ticket 4: Item and Inventory Prototype
Sat Jul 12 12:26:15 UTC 2025 - Marked Ticket 4 as Started
Sat Jul 12 12:27:05 UTC 2025 - Implemented Item and Inventory prototype
Sat Jul 12 12:27:06 UTC 2025 - Ran pytest after adding item system
Sat Jul 12 12:27:09 UTC 2025 - Marked Ticket 4 as Coded
Sat Jul 12 12:27:11 UTC 2025 - Marked Ticket 4 as Tested
Sat Jul 12 12:27:33 UTC 2025 - Updated README and item docs
Sat Jul 12 12:27:34 UTC 2025 - Marked Ticket 4 as Reviewed and Documented
Sat Jul 12 12:30:16 UTC 2025 - Starting Ticket 5: NPC basic class
Sat Jul 12 12:30:27 UTC 2025 - Marked Ticket 5 as Started
Sat Jul 12 12:30:49 UTC 2025 - Created npc module, tests, and docs
Sat Jul 12 12:31:05 UTC 2025 - Ran pytest after npc addition
Sat Jul 12 12:31:09 UTC 2025 - Updated README and npc docs
Sat Jul 12 12:31:15 UTC 2025 - Marked Ticket 5 as Reviewed and Documented
Sat Jul 12 12:35:11 UTC 2025 - Starting Ticket 6: Player class with inventory
Sat Jul 12 12:35:15 UTC 2025 - Marked Ticket 6 as Started
Sat Jul 12 12:35:40 UTC 2025 - Implemented Player class and tests
Sat Jul 12 12:35:58 UTC 2025 - Ran pytest after Player addition
Sat Jul 12 12:36:00 UTC 2025 - Documented Player usage
Sat Jul 12 12:36:06 UTC 2025 - Marked Ticket 6 as Reviewed
Sat Jul 12 12:42:01 UTC 2025 - Starting Ticket 7: Basic Map and Movement
Sat Jul 12 12:43:02 UTC 2025 - Implemented map module, NPC movement, tests and docs
Sat Jul 12 12:43:03 UTC 2025 - Ran pytest for Ticket 7
Sat Jul 12 12:43:11 UTC 2025 - Marked Ticket 7 as Reviewed and Documented
Sat Jul 12 12:49:07 UTC 2025 - Created Ticket 8: Basic Crafting System and marked as Started
Sat Jul 12 12:50:02 UTC 2025 - Implemented crafting module, tests, docs and README
Sat Jul 12 12:50:34 UTC 2025 - Installed dependencies and ran pytest successfully
Sat Jul 12 12:55:09 UTC 2025 - Installed requirements for tests
Sat Jul 12 12:55:10 UTC 2025 - Ran baseline pytest
Sat Jul 12 12:55:11 UTC 2025 - Created new tickets 9-13
Sat Jul 12 13:00:35 UTC 2025 - Starting Ticket 9: Save and Load System
Sat Jul 12 13:00:39 UTC 2025 - Marked Ticket 9 as Started
Sat Jul 12 13:01:32 UTC 2025 - Installed dependencies and ran pytest
Sat Jul 12 13:01:35 UTC 2025 - Marked Ticket 9 as Coded, Tested, Documented
Sat Jul 12 13:01:39 UTC 2025 - Marked Ticket 9 as Reviewed
